<?xml version='1.0' encoding='UTF-8'?>
<testsuite hostname="shah-System-Product-Name" name="trading.processor.EngineSuite" tests="1" errors="0" failures="0" skipped="0" time="0.107" timestamp="2024-08-23T12:44:20">
          <properties>
[...]
</properties>
          <testcase classname="trading.processor.EngineSuite" name="Processor engine fsm" time="0.107">
                      
                    </testcase>
          <system-out><![CDATA[]]></system-out>
          <system-err><![CDATA[]]></system-err>
        </testsuite>