<?xml version='1.0' encoding='UTF-8'?>
<testsuite hostname="shah-System-Product-Name" name="trading.state.TradeStateSuite" tests="48" errors="0" failures="0" skipped="0" time="1.444" timestamp="2024-08-23T12:44:22">
          <properties>
[...]
</properties>
          <testcase classname="trading.state.TradeStateSuite" name="__AtAsk Optional: Optional.compose modify" time="0.145">
                      
                    </testcase><testcase classname="trading.state.TradeStateSuite" name="__AtAsk Optional: Optional.consistent getOption with modifyId" time="0.049">
                      
                    </testcase><testcase classname="trading.state.TradeStateSuite" name="__AtAsk Optional: Optional.consistent modify with modifyId" time="0.062">
                      
                    </testcase><testcase classname="trading.state.TradeStateSuite" name="__AtAsk Optional: Optional.consistent replace with modify" time="0.024">
                      
                    </testcase><testcase classname="trading.state.TradeStateSuite" name="__AtAsk Optional: Optional.get what you replace" time="0.028">
                      
                    </testcase><testcase classname="trading.state.TradeStateSuite" name="__AtAsk Optional: Optional.modify id = id" time="0.01">
                      
                    </testcase><testcase classname="trading.state.TradeStateSuite" name="__AtAsk Optional: Optional.replace idempotent" time="0.036">
                      
                    </testcase><testcase classname="trading.state.TradeStateSuite" name="__AtAsk Optional: Optional.replace what you get" time="0.031">
                      
                    </testcase><testcase classname="trading.state.TradeStateSuite" name="__AtBid Optional: Optional.compose modify" time="0.026">
                      
                    </testcase><testcase classname="trading.state.TradeStateSuite" name="__AtBid Optional: Optional.consistent getOption with modifyId" time="0.005">
                      
                    </testcase><testcase classname="trading.state.TradeStateSuite" name="__AtBid Optional: Optional.consistent modify with modifyId" time="0.016">
                      
                    </testcase><testcase classname="trading.state.TradeStateSuite" name="__AtBid Optional: Optional.consistent replace with modify" time="0.006">
                      
                    </testcase><testcase classname="trading.state.TradeStateSuite" name="__AtBid Optional: Optional.get what you replace" time="0.026">
                      
                    </testcase><testcase classname="trading.state.TradeStateSuite" name="__AtBid Optional: Optional.modify id = id" time="0.004">
                      
                    </testcase><testcase classname="trading.state.TradeStateSuite" name="__AtBid Optional: Optional.replace idempotent" time="0.003">
                      
                    </testcase><testcase classname="trading.state.TradeStateSuite" name="__AtBid Optional: Optional.replace what you get" time="0.012">
                      
                    </testcase><testcase classname="trading.state.TradeStateSuite" name="__Prices At Optional: Optional.compose modify" time="0.108">
                      
                    </testcase><testcase classname="trading.state.TradeStateSuite" name="__Prices At Optional: Optional.consistent getOption with modifyId" time="0.035">
                      
                    </testcase><testcase classname="trading.state.TradeStateSuite" name="__Prices At Optional: Optional.consistent modify with modifyId" time="0.041">
                      
                    </testcase><testcase classname="trading.state.TradeStateSuite" name="__Prices At Optional: Optional.consistent replace with modify" time="0.032">
                      
                    </testcase><testcase classname="trading.state.TradeStateSuite" name="__Prices At Optional: Optional.get what you replace" time="0.04">
                      
                    </testcase><testcase classname="trading.state.TradeStateSuite" name="__Prices At Optional: Optional.modify id = id" time="0.022">
                      
                    </testcase><testcase classname="trading.state.TradeStateSuite" name="__Prices At Optional: Optional.replace idempotent" time="0.037">
                      
                    </testcase><testcase classname="trading.state.TradeStateSuite" name="__Prices At Optional: Optional.replace what you get" time="0.05">
                      
                    </testcase><testcase classname="trading.state.TradeStateSuite" name="__Prices index Optional: Optional.compose modify" time="0.12">
                      
                    </testcase><testcase classname="trading.state.TradeStateSuite" name="__Prices index Optional: Optional.consistent getOption with modifyId" time="0.011">
                      
                    </testcase><testcase classname="trading.state.TradeStateSuite" name="__Prices index Optional: Optional.consistent modify with modifyId" time="0.04">
                      
                    </testcase><testcase classname="trading.state.TradeStateSuite" name="__Prices index Optional: Optional.consistent replace with modify" time="0.032">
                      
                    </testcase><testcase classname="trading.state.TradeStateSuite" name="__Prices index Optional: Optional.get what you replace" time="0.029">
                      
                    </testcase><testcase classname="trading.state.TradeStateSuite" name="__Prices index Optional: Optional.modify id = id" time="0.015">
                      
                    </testcase><testcase classname="trading.state.TradeStateSuite" name="__Prices index Optional: Optional.replace idempotent" time="0.024">
                      
                    </testcase><testcase classname="trading.state.TradeStateSuite" name="__Prices index Optional: Optional.replace what you get" time="0.022">
                      
                    </testcase><testcase classname="trading.state.TradeStateSuite" name="__AskPrices Optional: Optional.compose modify" time="0.015">
                      
                    </testcase><testcase classname="trading.state.TradeStateSuite" name="__AskPrices Optional: Optional.consistent getOption with modifyId" time="0.018">
                      
                    </testcase><testcase classname="trading.state.TradeStateSuite" name="__AskPrices Optional: Optional.consistent modify with modifyId" time="0.021">
                      
                    </testcase><testcase classname="trading.state.TradeStateSuite" name="__AskPrices Optional: Optional.consistent replace with modify" time="0.015">
                      
                    </testcase><testcase classname="trading.state.TradeStateSuite" name="__AskPrices Optional: Optional.get what you replace" time="0.022">
                      
                    </testcase><testcase classname="trading.state.TradeStateSuite" name="__AskPrices Optional: Optional.modify id = id" time="0.015">
                      
                    </testcase><testcase classname="trading.state.TradeStateSuite" name="__AskPrices Optional: Optional.replace idempotent" time="0.016">
                      
                    </testcase><testcase classname="trading.state.TradeStateSuite" name="__AskPrices Optional: Optional.replace what you get" time="0.019">
                      
                    </testcase><testcase classname="trading.state.TradeStateSuite" name="__BidPrices Optional: Optional.compose modify" time="0.022">
                      
                    </testcase><testcase classname="trading.state.TradeStateSuite" name="__BidPrices Optional: Optional.consistent getOption with modifyId" time="0.016">
                      
                    </testcase><testcase classname="trading.state.TradeStateSuite" name="__BidPrices Optional: Optional.consistent modify with modifyId" time="0.02">
                      
                    </testcase><testcase classname="trading.state.TradeStateSuite" name="__BidPrices Optional: Optional.consistent replace with modify" time="0.01">
                      
                    </testcase><testcase classname="trading.state.TradeStateSuite" name="__BidPrices Optional: Optional.get what you replace" time="0.032">
                      
                    </testcase><testcase classname="trading.state.TradeStateSuite" name="__BidPrices Optional: Optional.modify id = id" time="0.025">
                      
                    </testcase><testcase classname="trading.state.TradeStateSuite" name="__BidPrices Optional: Optional.replace idempotent" time="0.017">
                      
                    </testcase><testcase classname="trading.state.TradeStateSuite" name="__BidPrices Optional: Optional.replace what you get" time="0.02">
                      
                    </testcase>
          <system-out><![CDATA[]]></system-out>
          <system-err><![CDATA[]]></system-err>
        </testsuite>